<?xml version="1.0" encoding="UTF-8"?>
<!-- Generated by org.testng.reporters.JUnitXMLReporter -->
<testsuite ignored="0" hostname="DESKTOP-86GGKSM" failures="0" tests="2" name="Test" time="194.955" errors="0" timestamp="2025-06-11T17:07:48 IST">
  <testcase classname="com.accurate.automationScripts.Accurate_Transfer" name="login" time="15.601"/>
  <testcase classname="com.accurate.automationScripts.Accurate_Transfer" name="accuratePortalInvoiceTransfer" time="171.082"/>
</testsuite> <!-- Test -->
