<?xml version="1.0" encoding="UTF-8"?>
<!-- Generated by org.testng.reporters.JUnitXMLReporter -->
<testsuite ignored="0" hostname="DESKTOP-86GGKSM" failures="0" tests="2" name="Test" time="91.852" errors="0" timestamp="2025-06-13T17:07:20 IST">
  <testcase classname="com.accurate.automationScripts.Accurate_Transfer" name="login" time="24.214"/>
  <testcase classname="com.accurate.automationScripts.Accurate_Transfer" name="accuratePortalInvoiceTransfer" time="60.35"/>
</testsuite> <!-- Test -->
