<?xml version="1.0" encoding="UTF-8"?>
<testsuite xmlns:xsi="http://www.w3.org/2001/XMLSchema-instance" xsi:noNamespaceSchemaLocation="https://maven.apache.org/surefire/maven-surefire-plugin/xsd/surefire-test-report-3.0.xsd" version="3.0" name="TestSuite" time="98.976" tests="2" errors="0" skipped="0" failures="0">
  <properties>
[...]
</properties>
  <testcase name="login" classname="com.accurate.automationScripts.Accurate_Transfer" time="24.214">
    <system-out><![CDATA[17:05:47.418 [main] DEBUG org.testng.TestNG -- suiteXmlPath: "D:\GitHub\Accurate_Portal_Automation\testng.xml"
]]></system-out>
  </testcase>
  <testcase name="accuratePortalInvoiceTransfer" classname="com.accurate.automationScripts.Accurate_Transfer" time="60.349">
    <system-out><![CDATA[5
transfer customer
]]></system-out>
  </testcase>
</testsuite>