<?xml version="1.0" encoding="UTF-8"?>
<testng-results ignored="0" total="1" passed="1" failed="0" skipped="0">
  <reporter-output>
  </reporter-output>
  <suite started-at="2025-05-08T17:07:03 IST" name="Suite" finished-at="2025-05-08T17:09:35 IST" duration-ms="151655">
    <groups>
    </groups>
    <test started-at="2025-05-08T17:07:03 IST" name="Test" finished-at="2025-05-08T17:09:35 IST" duration-ms="151655">
      <class name="com.accurate.automationScripts.Accurate_TransferInvoiceAndCustomer">
        <test-method is-config="true" signature="setPropertiesAndLogger()[pri:0, instance:com.accurate.automationScripts.Accurate_TransferInvoiceAndCustomer@16150369]" started-at="2025-05-08T17:07:02 IST" name="setPropertiesAndLogger" finished-at="2025-05-08T17:07:03 IST" duration-ms="1213" status="PASS">
          <reporter-output>
          </reporter-output>
        </test-method> <!-- setPropertiesAndLogger -->
        <test-method is-config="true" signature="launchBrowser()[pri:0, instance:com.accurate.automationScripts.Accurate_TransferInvoiceAndCustomer@16150369]" started-at="2025-05-08T17:07:03 IST" name="launchBrowser" finished-at="2025-05-08T17:07:10 IST" duration-ms="6850" status="PASS">
          <reporter-output>
          </reporter-output>
        </test-method> <!-- launchBrowser -->
        <test-method is-config="true" signature="login()[pri:0, instance:com.accurate.automationScripts.Accurate_TransferInvoiceAndCustomer@16150369]" started-at="2025-05-08T17:07:10 IST" name="login" finished-at="2025-05-08T17:07:16 IST" duration-ms="5455" status="PASS">
          <reporter-output>
          </reporter-output>
        </test-method> <!-- login -->
        <test-method signature="accurateTransfers()[pri:0, instance:com.accurate.automationScripts.Accurate_TransferInvoiceAndCustomer@16150369]" started-at="2025-05-08T17:07:16 IST" name="accurateTransfers" finished-at="2025-05-08T17:09:33 IST" duration-ms="136892" status="PASS">
          <reporter-output>
          </reporter-output>
        </test-method> <!-- accurateTransfers -->
        <test-method is-config="true" signature="tearDown()[pri:0, instance:com.accurate.automationScripts.Accurate_TransferInvoiceAndCustomer@16150369]" started-at="2025-05-08T17:09:33 IST" name="tearDown" finished-at="2025-05-08T17:09:35 IST" duration-ms="2019" status="PASS">
          <reporter-output>
          </reporter-output>
        </test-method> <!-- tearDown -->
      </class> <!-- com.accurate.automationScripts.Accurate_TransferInvoiceAndCustomer -->
    </test> <!-- Test -->
  </suite> <!-- Suite -->
</testng-results>
